------------------------------------------------------------------------
r29 | poigna_s | 2012-02-19 17:04:33 +0100 (Sun, 19 Feb 2012) | 1 line

delete rox.sh
------------------------------------------------------------------------
r28 | poigna_s | 2012-02-19 17:03:00 +0100 (Sun, 19 Feb 2012) | 1 line

CA MARCHE
------------------------------------------------------------------------
r27 | poigna_s | 2012-02-19 17:02:37 +0100 (Sun, 19 Feb 2012) | 1 line

ok
------------------------------------------------------------------------
r26 | hervet_g | 2012-02-19 16:53:10 +0100 (Sun, 19 Feb 2012) | 1 line

ok
------------------------------------------------------------------------
r25 | hervet_g | 2012-02-19 11:17:30 +0100 (Sun, 19 Feb 2012) | 1 line

ok
------------------------------------------------------------------------
r24 | hervet_g | 2012-02-19 11:12:28 +0100 (Sun, 19 Feb 2012) | 1 line

ca fonctionne
------------------------------------------------------------------------
r23 | hervet_g | 2012-02-19 11:03:11 +0100 (Sun, 19 Feb 2012) | 2 lines

ca marche pas trop map

------------------------------------------------------------------------
r22 | hervet_g | 2012-02-19 02:39:08 +0100 (Sun, 19 Feb 2012) | 1 line

kkkkk
------------------------------------------------------------------------
r21 | hervet_g | 2012-02-19 00:02:43 +0100 (Sun, 19 Feb 2012) | 1 line

oki
------------------------------------------------------------------------
r20 | hervet_g | 2012-02-18 19:55:29 +0100 (Sat, 18 Feb 2012) | 37 lines

chartest.avm             : OK
doubletest.avm           : OK
floattest.avm            : OK
inttest.avm              : OK
multitypes.avm           : OK
negchartest.avm          : OK
negdoubletest.avm        : OK
negfloattest.avm         : OK
neginttest.avm           : OK
negshorttest.avm         : OK
notsureofresult.avm      : OK
ofaddfloat.avm           : OK
ofaddinteger.avm         : OK
ofassignfloat.avm        : OK
ofassigninteger.avm      : OK
offloattype.avm          : OK
ofintegertype.avm        : OK
ofmulfloat1.avm          : KO
ofmulfloat2.avm          : KO
ofmultinteger1.avm       : KO
ofmultinteger2.avm       : KO
ofsubfloat.avm           : KO
ofsubinteger.avm         : KO
push.avm                 : KO
shorttest.avm            : OK
ufaddfloat.avm           : KO
ufaddinteger.avm         : KO
ufassignfloat.avm        : OK
ufassigninteger.avm      : OK
uffloattype.avm          : KO
ufintegertype.avm        : KO
ufmulfloat1.avm          : KO
ufmulfloat2.avm          : KO
ufmulinteger1.avm        : KO
ufmulinteger2.avm        : KO
ufsubfloat.avm           : KO
ufsubinteger.avm         : KO
------------------------------------------------------------------------
r19 | hervet_g | 2012-02-16 17:30:06 +0100 (Thu, 16 Feb 2012) | 1 line

:D
------------------------------------------------------------------------
r18 | hervet_g | 2012-02-16 13:45:39 +0100 (Thu, 16 Feb 2012) | 1 line

cleanup
------------------------------------------------------------------------
r17 | poigna_s | 2012-02-16 13:40:11 +0100 (Thu, 16 Feb 2012) | 2 lines

commentaires

------------------------------------------------------------------------
r16 | hervet_g | 2012-02-16 13:33:29 +0100 (Thu, 16 Feb 2012) | 1 line

ok
------------------------------------------------------------------------
r15 | hervet_g | 2012-02-16 13:32:44 +0100 (Thu, 16 Feb 2012) | 1 line

typeinfo
------------------------------------------------------------------------
r14 | hervet_g | 2012-02-16 13:31:36 +0100 (Thu, 16 Feb 2012) | 1 line

kk
------------------------------------------------------------------------
r13 | hervet_g | 2012-02-16 13:30:54 +0100 (Thu, 16 Feb 2012) | 1 line

ok
------------------------------------------------------------------------
r12 | hervet_g | 2012-02-16 10:35:20 +0100 (Thu, 16 Feb 2012) | 1 line

mult marche
------------------------------------------------------------------------
r11 | poigna_s | 2012-02-15 15:33:04 +0100 (Wed, 15 Feb 2012) | 2 lines

exemple.avm

------------------------------------------------------------------------
r10 | poigna_s | 2012-02-15 15:29:07 +0100 (Wed, 15 Feb 2012) | 2 lines

CA MARCHE TOUJOURS PAS

------------------------------------------------------------------------
r9 | hervet_g | 2012-02-15 15:11:08 +0100 (Wed, 15 Feb 2012) | 1 line

k
------------------------------------------------------------------------
r8 | hervet_g | 2012-02-15 15:02:15 +0100 (Wed, 15 Feb 2012) | 1 line

ok
------------------------------------------------------------------------
r7 | poigna_s | 2012-02-15 14:58:46 +0100 (Wed, 15 Feb 2012) | 2 lines

CA MARCHE PAAAAAAAAAAAAAAAAAAAAAAAAAS

------------------------------------------------------------------------
r6 | poigna_s | 2012-02-09 13:43:53 +0100 (Thu, 09 Feb 2012) | 1 line

repasse en  deque
------------------------------------------------------------------------
r5 | hervet_g | 2012-02-08 19:24:21 +0100 (Wed, 08 Feb 2012) | 1 line

replace deque _val by stack
------------------------------------------------------------------------
r4 | poigna_s | 2012-02-08 11:53:10 +0100 (Wed, 08 Feb 2012) | 2 lines

</3

------------------------------------------------------------------------
r3 | hervet_g | 2012-02-08 11:51:26 +0100 (Wed, 08 Feb 2012) | 1 line

ok
------------------------------------------------------------------------
r2 | hervet_g | 2012-02-08 11:50:21 +0100 (Wed, 08 Feb 2012) | 1 line

clean
------------------------------------------------------------------------
r1 | poigna_s | 2012-02-08 11:45:12 +0100 (Wed, 08 Feb 2012) | 1 line

ok
------------------------------------------------------------------------
