------------------------------------------------------------------------
r10 | hervet_g | 2012-03-25 14:52:26 +0200 (Sun, 25 Mar 2012) | 1 line

ok
------------------------------------------------------------------------
r9 | hervet_g | 2012-03-25 14:52:09 +0200 (Sun, 25 Mar 2012) | 1 line

ok
------------------------------------------------------------------------
r8 | hervet_g | 2012-03-25 14:51:38 +0200 (Sun, 25 Mar 2012) | 1 line

ok
------------------------------------------------------------------------
r7 | hervet_g | 2012-03-25 13:31:40 +0200 (Sun, 25 Mar 2012) | 1 line

canser
------------------------------------------------------------------------
r6 | poigna_s | 2012-03-24 16:11:26 +0100 (Sat, 24 Mar 2012) | 2 lines

map

------------------------------------------------------------------------
r5 | hervet_g | 2012-03-24 11:00:33 +0100 (Sat, 24 Mar 2012) | 1 line

kkk
------------------------------------------------------------------------
r4 | poigna_s | 2012-03-22 16:52:54 +0100 (Thu, 22 Mar 2012) | 6 lines

Ca marche pas! Ca quitte! 


A    SDL
A    SDL/map_sdl.c

------------------------------------------------------------------------
r3 | hervet_g | 2012-03-20 19:00:11 +0100 (Tue, 20 Mar 2012) | 1 line

exit game OK
------------------------------------------------------------------------
r2 | hervet_g | 2012-03-20 17:16:31 +0100 (Tue, 20 Mar 2012) | 1 line

init is ok
------------------------------------------------------------------------
r1 | hervet_g | 2012-03-20 15:34:04 +0100 (Tue, 20 Mar 2012) | 1 line

Ok
------------------------------------------------------------------------
